ERROR:root:Traceback (most recent call last):
  File "C:\Users\pipki\AppData\Local\Temp\ipykernel_11748\2171928419.py", line 56, in fetch_json
    return await response.json()
           ^^^^^^^^^^^^^^^^^^^^^
  File "C:\Users\pipki\miniconda3\Lib\site-packages\aiohttp\client_reqrep.py", line 756, in json
    raise ContentTypeError(
aiohttp.client_exceptions.ContentTypeError: 403, message='Attempt to decode JSON with unexpected mimetype: text/plain', url='https://commons.wikimedia.org/w/api.php?action=query&format=json&generator=search&gsrsearch=apples+fruit+filetype:bitmap%7Cdrawing+-fileres:0&gsrlimit=5&gsrnamespace=6&prop=imageinfo&iiprop=url&gsroffset=5'

ERROR:root:Traceback (most recent call last):
  File "C:\Users\pipki\AppData\Local\Temp\ipykernel_11748\2171928419.py", line 56, in fetch_json
    return await response.json()
           ^^^^^^^^^^^^^^^^^^^^^
  File "C:\Users\pipki\miniconda3\Lib\site-packages\aiohttp\client_reqrep.py", line 756, in json
    raise ContentTypeError(
aiohttp.client_exceptions.ContentTypeError: 403, message='Attempt to decode JSON with unexpected mimetype: text/plain', url='https://commons.wikimedia.org/w/api.php?action=query&format=json&generator=search&gsrsearch=apples+fruit+filetype:bitmap%7Cdrawing+-fileres:0&gsrlimit=5&gsrnamespace=6&prop=imageinfo&iiprop=url&gsroffset=0'

ERROR:root:Traceback (most recent call last):
  File "C:\Users\pipki\AppData\Local\Temp\ipykernel_11748\2171928419.py", line 56, in fetch_json
    return await response.json()
           ^^^^^^^^^^^^^^^^^^^^^
  File "C:\Users\pipki\miniconda3\Lib\site-packages\aiohttp\client_reqrep.py", line 756, in json
    raise ContentTypeError(
aiohttp.client_exceptions.ContentTypeError: 403, message='Attempt to decode JSON with unexpected mimetype: text/plain', url='https://commons.wikimedia.org/w/api.php?action=query&format=json&generator=search&gsrsearch=apples+fruit+filetype:bitmap%7Cdrawing+-fileres:0&gsrlimit=5&gsrnamespace=6&prop=imageinfo&iiprop=url&gsroffset=15'

ERROR:root:Traceback (most recent call last):
  File "C:\Users\pipki\AppData\Local\Temp\ipykernel_11748\2171928419.py", line 56, in fetch_json
    return await response.json()
           ^^^^^^^^^^^^^^^^^^^^^
  File "C:\Users\pipki\miniconda3\Lib\site-packages\aiohttp\client_reqrep.py", line 756, in json
    raise ContentTypeError(
aiohttp.client_exceptions.ContentTypeError: 403, message='Attempt to decode JSON with unexpected mimetype: text/plain', url='https://commons.wikimedia.org/w/api.php?action=query&format=json&generator=search&gsrsearch=apples+fruit+filetype:bitmap%7Cdrawing+-fileres:0&gsrlimit=5&gsrnamespace=6&prop=imageinfo&iiprop=url&gsroffset=10'

ERROR:root:Traceback (most recent call last):
  File "C:\Users\pipki\AppData\Local\Temp\ipykernel_11748\2171928419.py", line 56, in fetch_json
    return await response.json()
           ^^^^^^^^^^^^^^^^^^^^^
  File "C:\Users\pipki\miniconda3\Lib\site-packages\aiohttp\client_reqrep.py", line 756, in json
    raise ContentTypeError(
aiohttp.client_exceptions.ContentTypeError: 403, message='Attempt to decode JSON with unexpected mimetype: text/plain', url='https://commons.wikimedia.org/w/api.php?action=query&format=json&generator=search&gsrsearch=bananas+fruit+filetype:bitmap%7Cdrawing+-fileres:0&gsrlimit=5&gsrnamespace=6&prop=imageinfo&iiprop=url&gsroffset=10'

ERROR:root:Traceback (most recent call last):
  File "C:\Users\pipki\AppData\Local\Temp\ipykernel_11748\2171928419.py", line 56, in fetch_json
    return await response.json()
           ^^^^^^^^^^^^^^^^^^^^^
  File "C:\Users\pipki\miniconda3\Lib\site-packages\aiohttp\client_reqrep.py", line 756, in json
    raise ContentTypeError(
aiohttp.client_exceptions.ContentTypeError: 403, message='Attempt to decode JSON with unexpected mimetype: text/plain', url='https://commons.wikimedia.org/w/api.php?action=query&format=json&generator=search&gsrsearch=bananas+fruit+filetype:bitmap%7Cdrawing+-fileres:0&gsrlimit=5&gsrnamespace=6&prop=imageinfo&iiprop=url&gsroffset=0'

ERROR:root:Traceback (most recent call last):
  File "C:\Users\pipki\AppData\Local\Temp\ipykernel_11748\2171928419.py", line 56, in fetch_json
    return await response.json()
           ^^^^^^^^^^^^^^^^^^^^^
  File "C:\Users\pipki\miniconda3\Lib\site-packages\aiohttp\client_reqrep.py", line 756, in json
    raise ContentTypeError(
aiohttp.client_exceptions.ContentTypeError: 403, message='Attempt to decode JSON with unexpected mimetype: text/plain', url='https://commons.wikimedia.org/w/api.php?action=query&format=json&generator=search&gsrsearch=bananas+fruit+filetype:bitmap%7Cdrawing+-fileres:0&gsrlimit=5&gsrnamespace=6&prop=imageinfo&iiprop=url&gsroffset=5'

ERROR:root:Traceback (most recent call last):
  File "C:\Users\pipki\AppData\Local\Temp\ipykernel_11748\2171928419.py", line 56, in fetch_json
    return await response.json()
           ^^^^^^^^^^^^^^^^^^^^^
  File "C:\Users\pipki\miniconda3\Lib\site-packages\aiohttp\client_reqrep.py", line 756, in json
    raise ContentTypeError(
aiohttp.client_exceptions.ContentTypeError: 403, message='Attempt to decode JSON with unexpected mimetype: text/plain', url='https://commons.wikimedia.org/w/api.php?action=query&format=json&generator=search&gsrsearch=bananas+fruit+filetype:bitmap%7Cdrawing+-fileres:0&gsrlimit=5&gsrnamespace=6&prop=imageinfo&iiprop=url&gsroffset=15'

ERROR:root:Traceback (most recent call last):
  File "C:\Users\pipki\AppData\Local\Temp\ipykernel_11748\2171928419.py", line 56, in fetch_json
    return await response.json()
           ^^^^^^^^^^^^^^^^^^^^^
  File "C:\Users\pipki\miniconda3\Lib\site-packages\aiohttp\client_reqrep.py", line 756, in json
    raise ContentTypeError(
aiohttp.client_exceptions.ContentTypeError: 403, message='Attempt to decode JSON with unexpected mimetype: text/plain', url='https://commons.wikimedia.org/w/api.php?action=query&format=json&generator=search&gsrsearch=carrots+vegetable+filetype:bitmap%7Cdrawing+-fileres:0&gsrlimit=5&gsrnamespace=6&prop=imageinfo&iiprop=url&gsroffset=0'

ERROR:root:Traceback (most recent call last):
  File "C:\Users\pipki\AppData\Local\Temp\ipykernel_11748\2171928419.py", line 56, in fetch_json
    return await response.json()
           ^^^^^^^^^^^^^^^^^^^^^
  File "C:\Users\pipki\miniconda3\Lib\site-packages\aiohttp\client_reqrep.py", line 756, in json
    raise ContentTypeError(
aiohttp.client_exceptions.ContentTypeError: 403, message='Attempt to decode JSON with unexpected mimetype: text/plain', url='https://commons.wikimedia.org/w/api.php?action=query&format=json&generator=search&gsrsearch=carrots+vegetable+filetype:bitmap%7Cdrawing+-fileres:0&gsrlimit=5&gsrnamespace=6&prop=imageinfo&iiprop=url&gsroffset=5'

ERROR:root:Traceback (most recent call last):
  File "C:\Users\pipki\AppData\Local\Temp\ipykernel_11748\2171928419.py", line 56, in fetch_json
    return await response.json()
           ^^^^^^^^^^^^^^^^^^^^^
  File "C:\Users\pipki\miniconda3\Lib\site-packages\aiohttp\client_reqrep.py", line 756, in json
    raise ContentTypeError(
aiohttp.client_exceptions.ContentTypeError: 403, message='Attempt to decode JSON with unexpected mimetype: text/plain', url='https://commons.wikimedia.org/w/api.php?action=query&format=json&generator=search&gsrsearch=carrots+vegetable+filetype:bitmap%7Cdrawing+-fileres:0&gsrlimit=5&gsrnamespace=6&prop=imageinfo&iiprop=url&gsroffset=15'

ERROR:root:Traceback (most recent call last):
  File "C:\Users\pipki\AppData\Local\Temp\ipykernel_11748\2171928419.py", line 56, in fetch_json
    return await response.json()
           ^^^^^^^^^^^^^^^^^^^^^
  File "C:\Users\pipki\miniconda3\Lib\site-packages\aiohttp\client_reqrep.py", line 756, in json
    raise ContentTypeError(
aiohttp.client_exceptions.ContentTypeError: 403, message='Attempt to decode JSON with unexpected mimetype: text/plain', url='https://commons.wikimedia.org/w/api.php?action=query&format=json&generator=search&gsrsearch=carrots+vegetable+filetype:bitmap%7Cdrawing+-fileres:0&gsrlimit=5&gsrnamespace=6&prop=imageinfo&iiprop=url&gsroffset=10'

ERROR:root:Traceback (most recent call last):
  File "C:\Users\pipki\AppData\Local\Temp\ipykernel_11748\2171928419.py", line 56, in fetch_json
    return await response.json()
           ^^^^^^^^^^^^^^^^^^^^^
  File "C:\Users\pipki\miniconda3\Lib\site-packages\aiohttp\client_reqrep.py", line 756, in json
    raise ContentTypeError(
aiohttp.client_exceptions.ContentTypeError: 403, message='Attempt to decode JSON with unexpected mimetype: text/plain', url='https://commons.wikimedia.org/w/api.php?action=query&format=json&generator=search&gsrsearch=tomatoes+vegetable+filetype:bitmap%7Cdrawing+-fileres:0&gsrlimit=5&gsrnamespace=6&prop=imageinfo&iiprop=url&gsroffset=0'

ERROR:root:Traceback (most recent call last):
  File "C:\Users\pipki\AppData\Local\Temp\ipykernel_11748\2171928419.py", line 56, in fetch_json
    return await response.json()
           ^^^^^^^^^^^^^^^^^^^^^
  File "C:\Users\pipki\miniconda3\Lib\site-packages\aiohttp\client_reqrep.py", line 756, in json
    raise ContentTypeError(
aiohttp.client_exceptions.ContentTypeError: 403, message='Attempt to decode JSON with unexpected mimetype: text/plain', url='https://commons.wikimedia.org/w/api.php?action=query&format=json&generator=search&gsrsearch=tomatoes+vegetable+filetype:bitmap%7Cdrawing+-fileres:0&gsrlimit=5&gsrnamespace=6&prop=imageinfo&iiprop=url&gsroffset=5'

ERROR:root:Traceback (most recent call last):
  File "C:\Users\pipki\AppData\Local\Temp\ipykernel_11748\2171928419.py", line 56, in fetch_json
    return await response.json()
           ^^^^^^^^^^^^^^^^^^^^^
  File "C:\Users\pipki\miniconda3\Lib\site-packages\aiohttp\client_reqrep.py", line 756, in json
    raise ContentTypeError(
aiohttp.client_exceptions.ContentTypeError: 403, message='Attempt to decode JSON with unexpected mimetype: text/plain', url='https://commons.wikimedia.org/w/api.php?action=query&format=json&generator=search&gsrsearch=tomatoes+vegetable+filetype:bitmap%7Cdrawing+-fileres:0&gsrlimit=5&gsrnamespace=6&prop=imageinfo&iiprop=url&gsroffset=10'

ERROR:root:Traceback (most recent call last):
  File "C:\Users\pipki\AppData\Local\Temp\ipykernel_11748\2171928419.py", line 56, in fetch_json
    return await response.json()
           ^^^^^^^^^^^^^^^^^^^^^
  File "C:\Users\pipki\miniconda3\Lib\site-packages\aiohttp\client_reqrep.py", line 756, in json
    raise ContentTypeError(
aiohttp.client_exceptions.ContentTypeError: 403, message='Attempt to decode JSON with unexpected mimetype: text/plain', url='https://commons.wikimedia.org/w/api.php?action=query&format=json&generator=search&gsrsearch=tomatoes+vegetable+filetype:bitmap%7Cdrawing+-fileres:0&gsrlimit=5&gsrnamespace=6&prop=imageinfo&iiprop=url&gsroffset=15'

DEBUG:urllib3.connectionpool:Starting new HTTPS connection (1): pixabay.com:443
DEBUG:urllib3.connectionpool:https://pixabay.com:443 "GET /api/?key=54287906-cef36533ce55948f0474da79d&q=apples&image_type=photo&per_page=50&safesearch=True HTTP/1.1" 200 None
DEBUG:urllib3.connectionpool:Starting new HTTPS connection (1): pixabay.com:443
DEBUG:urllib3.connectionpool:https://pixabay.com:443 "GET /get/g84a1cd20b0fcb43d9139c0793adaddd66fc55f479ebf90ada58e7637605ea648036603d69a91e470a62e1777bec51a3a837db58b6d71b179f54aff6e5aacff58_1280.jpg HTTP/1.1" 200 278323
DEBUG:urllib3.connectionpool:Starting new HTTPS connection (1): pixabay.com:443
DEBUG:urllib3.connectionpool:https://pixabay.com:443 "GET /get/g82cd1a570b0e8a9dd784350781ad1ad7391fa2d09b57e8838626016da5e4274bf09ce28f98aa187d6cf1d4ef11c56c9892a3813263035859f7494fa0bb387e7c_1280.jpg HTTP/1.1" 200 215127
DEBUG:urllib3.connectionpool:Starting new HTTPS connection (1): pixabay.com:443
DEBUG:urllib3.connectionpool:https://pixabay.com:443 "GET /get/g66f60d806aa684f8785924dfa100a295468b4232bf567e850a4809543d8e78d7a930d46a4b14151e187bd9ae13e35510_1280.jpg HTTP/1.1" 200 130160
DEBUG:urllib3.connectionpool:Starting new HTTPS connection (1): pixabay.com:443
DEBUG:urllib3.connectionpool:https://pixabay.com:443 "GET /get/g9023835677f16b3ec738652a4ec8b51c07c72a7b73ae7ac2b3635af7a1a4e7528d851b329ab67f716010752a76b5fd6d57e22d37189dbe2d1521c4231ec9d470_1280.jpg HTTP/1.1" 200 227264
DEBUG:urllib3.connectionpool:Starting new HTTPS connection (1): pixabay.com:443
DEBUG:urllib3.connectionpool:https://pixabay.com:443 "GET /get/g78807302b952f187864d9bffaef15ac97841d2e60da05d651d5c2df10e2b6394c674829d015286a104a3d630282f8c23494faf148085a41b87f752846034063c_1280.jpg HTTP/1.1" 200 206482
DEBUG:urllib3.connectionpool:Starting new HTTPS connection (1): pixabay.com:443
DEBUG:urllib3.connectionpool:https://pixabay.com:443 "GET /get/gd739729f8299952043761afeed3e37ffb1e1d54eaf7355fc09ba1c6c90e88c4fdb056484e5e48249015d19f9ae9d14d0c5b3decf449bfef90814212b40946de9_1280.jpg HTTP/1.1" 200 285806
DEBUG:urllib3.connectionpool:Starting new HTTPS connection (1): pixabay.com:443
DEBUG:urllib3.connectionpool:https://pixabay.com:443 "GET /get/ge51874619aab8e5a693cc991c3d354e2c1530fc56133833170b576045bdf5caf6a59c0b8315e2573d4299309d9b13ae30732c871d63a8b092f4f58e0fd78db67_1280.jpg HTTP/1.1" 200 202890
DEBUG:urllib3.connectionpool:Starting new HTTPS connection (1): pixabay.com:443
DEBUG:urllib3.connectionpool:https://pixabay.com:443 "GET /get/g8af5eaebfbee06336503cfcaafbda98fef7fe6d08a9ec783d6021db1aa4e56e7c9392bbb724f9696f89946ae8cd202ce9c64529daf68e03aa068e8fe7392e9ad_1280.jpg HTTP/1.1" 200 422937
DEBUG:urllib3.connectionpool:Starting new HTTPS connection (1): pixabay.com:443
DEBUG:urllib3.connectionpool:https://pixabay.com:443 "GET /get/g10591c060a4585766c7ad9eaed4f5fe78bf5163423fb79367ec7381fa825c88f2b1db68c844d47e461d1e573d874d923c5eb27b12a5882244a3f01c565020283_1280.jpg HTTP/1.1" 200 343754
DEBUG:urllib3.connectionpool:Starting new HTTPS connection (1): pixabay.com:443
DEBUG:urllib3.connectionpool:https://pixabay.com:443 "GET /get/g311badaf644cdbd0dbca2ca64b8c1ac566998583f000e2ddcf0fb6eebd51636b773d5593928b3a89d6241a6b138474b8025881573b81fe3beb17634efc94031b_1280.jpg HTTP/1.1" 200 179360
DEBUG:urllib3.connectionpool:Starting new HTTPS connection (1): pixabay.com:443
DEBUG:urllib3.connectionpool:https://pixabay.com:443 "GET /get/g5f392d41efa96c4fd1e4f836add491a6a697f5336c1a1ead2a5328ba8bb296245d204ce2cd4404764c8674c2aaaf7d3dfe5d908573cbcda72108ecd998eca745_1280.jpg HTTP/1.1" 200 121090
DEBUG:urllib3.connectionpool:Starting new HTTPS connection (1): pixabay.com:443
DEBUG:urllib3.connectionpool:https://pixabay.com:443 "GET /get/g6363a003032052954806748cd0a67cc4ebdc08508674ad71010434eaa49ae385efc1366d36f53ad0454261d2ab9e8b6babff015808a2e590e1a2ff78122ee5aa_1280.jpg HTTP/1.1" 200 136164
DEBUG:urllib3.connectionpool:Starting new HTTPS connection (1): pixabay.com:443
DEBUG:urllib3.connectionpool:https://pixabay.com:443 "GET /get/gfb313d5dac6221549d8d7057b410a1c1e57675cbfa89abcc571d0a6294ec041239983c62cac5c428b494e26b62597ea29cb924e0207a6ef83514ab3d158cd29c_1280.jpg HTTP/1.1" 200 393028
DEBUG:urllib3.connectionpool:Starting new HTTPS connection (1): pixabay.com:443
DEBUG:urllib3.connectionpool:https://pixabay.com:443 "GET /get/gcd2efbb6b60f726499d524dcbf81882bdb8f825a1bd49d94719e26179295d79a264447a8cc9fb43652a13cc95e3ed217881c96fb562551fa3f36ddad4c934236_1280.jpg HTTP/1.1" 200 219956
DEBUG:urllib3.connectionpool:Starting new HTTPS connection (1): pixabay.com:443
DEBUG:urllib3.connectionpool:https://pixabay.com:443 "GET /get/g3c63e75b07f33c86bd22da99988154a017dc6ad25fcf3527c5429b64038f08b4c789efd76e48b02a2f3349c5cad81edef37c83d3b2995fb8d54de629b417a76c_1280.jpg HTTP/1.1" 200 238556
DEBUG:urllib3.connectionpool:Starting new HTTPS connection (1): pixabay.com:443
DEBUG:urllib3.connectionpool:https://pixabay.com:443 "GET /get/g59264cf36f25b15e295ac332baa56aea6e3544bcadbab3425858c88e6a6074b59636074134c9f58842bb3c61a6f15487efea975f5bbabd0d63e05bda3755c575_1280.jpg HTTP/1.1" 200 157581
DEBUG:urllib3.connectionpool:Starting new HTTPS connection (1): pixabay.com:443
DEBUG:urllib3.connectionpool:https://pixabay.com:443 "GET /get/g2754a3e1f79f5176cadb06a5da361eb5412b215a419236ec1b69affb11b26e417f0e2560158dfd44904cfe633c93bb86d4934732bd124af97a1acf534307d3ee_1280.jpg HTTP/1.1" 200 349757
DEBUG:urllib3.connectionpool:Starting new HTTPS connection (1): pixabay.com:443
DEBUG:urllib3.connectionpool:https://pixabay.com:443 "GET /get/gf0b0b2893182b994df173d8f5d6764778e080701619f55373e208a2ef5372b3d8099999dd1f783c63e3c55382ddeb30f4c1154136718e18ecf4e5cfc3fe0ec1f_1280.jpg HTTP/1.1" 200 171966
DEBUG:urllib3.connectionpool:Starting new HTTPS connection (1): pixabay.com:443
DEBUG:urllib3.connectionpool:https://pixabay.com:443 "GET /get/gd63fcff2f02437cd8da67f26eb7d9941829260a69a23b854da7c885da72024624c0dd8c88cadb7d0e8bf6aad9d701a9e1070db7edae3ba5104a847f4edaa949e_1280.jpg HTTP/1.1" 200 162659
DEBUG:urllib3.connectionpool:Starting new HTTPS connection (1): pixabay.com:443
DEBUG:urllib3.connectionpool:https://pixabay.com:443 "GET /get/g2036074d342c9ad5a8d09fcd137bb13bd0991102ff2f023fb23a951533dfdd52232bd5ec7adb2f8d0b752aa4cf4c1579c8c7e42911a679a08624460f05b0ee82_1280.jpg HTTP/1.1" 200 198864
DEBUG:urllib3.connectionpool:Starting new HTTPS connection (1): pixabay.com:443
DEBUG:urllib3.connectionpool:https://pixabay.com:443 "GET /get/gc01d554474cbab2b427938ec0aaeb9ab6601f9ece41ec6be63740d85f104546ec547824bd6ddbe0fe524bd3ec290ce8cf97ffce7b841e495b6e48660dd27926f_1280.jpg HTTP/1.1" 200 314246
DEBUG:urllib3.connectionpool:Starting new HTTPS connection (1): pixabay.com:443
DEBUG:urllib3.connectionpool:https://pixabay.com:443 "GET /get/gc494354c5b11b8b02f1f0cc40410d56985bcf4d42cc5956ceac0216a22ffa1d8bbb7ccb91149725d44ee3ccb2b458b1bab6187100a5e012d7fe93cc12853cb91_1280.jpg HTTP/1.1" 200 175894
DEBUG:urllib3.connectionpool:Starting new HTTPS connection (1): pixabay.com:443
DEBUG:urllib3.connectionpool:https://pixabay.com:443 "GET /get/gccb7951d6f19ec91006abfe9718abc94677e299a3390bdd50692855b50c848caf685aeebc33887e6b598dbfa778c41af38bde1e2529632e52f9072450ef4f404_1280.jpg HTTP/1.1" 200 117465
DEBUG:urllib3.connectionpool:Starting new HTTPS connection (1): pixabay.com:443
DEBUG:urllib3.connectionpool:https://pixabay.com:443 "GET /get/gf325b0b568f27703b7c3bcde41b56296d37e6acdb159776efeefa58649c43b7f89175e2ade37e7a1441e01d00a1bd1f9963b43c47b23aa952ae8eee355d05aa4_1280.jpg HTTP/1.1" 200 559390
DEBUG:urllib3.connectionpool:Starting new HTTPS connection (1): pixabay.com:443
DEBUG:urllib3.connectionpool:https://pixabay.com:443 "GET /get/ga26373197101bf0a5c4274b7c6d14a3ca9bad59e38a07a819e70760e950f8a74088b4521d5b65e36cc36de82898b9bd12a1c35ab4eaf05284aab252cdd2584c0_1280.jpg HTTP/1.1" 200 213747
DEBUG:urllib3.connectionpool:Starting new HTTPS connection (1): pixabay.com:443
DEBUG:urllib3.connectionpool:https://pixabay.com:443 "GET /get/gd9cf27497aa0c93e0c7cc22077b3807066e8eb3840866b2340586ba315c5e007faeb910e64aa65bc0c7c39aca7b25dcfbf5732cc917a14eec821254806cf5ef3_1280.jpg HTTP/1.1" 200 371412
DEBUG:urllib3.connectionpool:Starting new HTTPS connection (1): pixabay.com:443
DEBUG:urllib3.connectionpool:https://pixabay.com:443 "GET /get/g464b63b9071f796120e34c25d6256df7354c3a70e4af0c70883de077dab8427a73a9c1e305aec9f404ea1f012d7956d27bf6e5cc74933a7812b3b2b973b7f411_1280.jpg HTTP/1.1" 200 273523
DEBUG:urllib3.connectionpool:Starting new HTTPS connection (1): pixabay.com:443
DEBUG:urllib3.connectionpool:https://pixabay.com:443 "GET /get/gcb1dd06c94af8805050bb213f37679196ba36cde446d352870343c80a198ff76e7790997b4103d5609fa55d187c20c9715bc0b503e2d56a8b0b67a364a7bc099_1280.jpg HTTP/1.1" 200 312564
DEBUG:urllib3.connectionpool:Starting new HTTPS connection (1): pixabay.com:443
DEBUG:urllib3.connectionpool:https://pixabay.com:443 "GET /get/g9742eb84d6bb0d355f0b164fe6fa3b96899c21182a5fd6005957d46ff36193681ed339a2c60d60e915ad18749c17adb8dbe9651195b6cb819ba3b9aeac57a5d4_1280.jpg HTTP/1.1" 200 220008
DEBUG:urllib3.connectionpool:Starting new HTTPS connection (1): pixabay.com:443
DEBUG:urllib3.connectionpool:https://pixabay.com:443 "GET /get/g24bc31419db77e1717172424ad33ec8d6d58d9f775dcd1efda2404531dc42a55b98f4636fa98b71c4003ea12d81207519232380be7aa1c5fde7865269361345c_1280.jpg HTTP/1.1" 200 240041
DEBUG:urllib3.connectionpool:Starting new HTTPS connection (1): pixabay.com:443
DEBUG:urllib3.connectionpool:https://pixabay.com:443 "GET /get/g51c5db077164ab17445f13624fca0d941de913ea6682e3876bb8cde984a1bb850f9e68118dd06ce1725c4fea22dfae4e8a58867682c7cdafc31e677d479a3f21_1280.jpg HTTP/1.1" 200 220567
DEBUG:urllib3.connectionpool:Starting new HTTPS connection (1): pixabay.com:443
DEBUG:urllib3.connectionpool:https://pixabay.com:443 "GET /get/g7dd9150f78159c69aabe5adcd28f56d1a7b939461e81a4f115e11253b6c20a773f78e0c581f73c4fa9009d8dfa860c5629dce018a72d44eb243fc2870cb16ae2_1280.jpg HTTP/1.1" 200 166486
DEBUG:urllib3.connectionpool:Starting new HTTPS connection (1): pixabay.com:443
DEBUG:urllib3.connectionpool:https://pixabay.com:443 "GET /get/g2e6889d5c5445feb9ef39ed85c5f94605b9b156a4102f72f48080ae11106f9bb5e5e54e3fe40dc1fbb2f651b57a0c1ee3df3ac9bb31c741c9d998d623bc34510_1280.jpg HTTP/1.1" 200 222733
DEBUG:urllib3.connectionpool:Starting new HTTPS connection (1): pixabay.com:443
DEBUG:urllib3.connectionpool:https://pixabay.com:443 "GET /get/g716023a185739f074504008776c151b4e8fa3e362e72494352845464b1bf8e3b4fc17a7e8032d8bca85fad0307f9b189bffdbc8a4972f7cfb6998507e7a9ff81_1280.jpg HTTP/1.1" 200 257870
DEBUG:urllib3.connectionpool:Starting new HTTPS connection (1): pixabay.com:443
DEBUG:urllib3.connectionpool:https://pixabay.com:443 "GET /get/g54aee89fc460c595deaae37b2e83c356cd3e5594e4a42862c311e3d15855dcd1ad76cbd7bd52081a357a7fcf98f809b372a0f3fc7165ef61a55fc988fcd62fc6_1280.jpg HTTP/1.1" 200 172847
DEBUG:urllib3.connectionpool:Starting new HTTPS connection (1): pixabay.com:443
DEBUG:urllib3.connectionpool:https://pixabay.com:443 "GET /get/g3c43f9b3668c240bbbea12776529f0b0183c4a3c475e44bc18301f93f863f618f308984bd1fbb1cd081f2d707051fff59c5e69dfe7c93578b8bce4725503b201_1280.jpg HTTP/1.1" 200 169307
DEBUG:urllib3.connectionpool:Starting new HTTPS connection (1): pixabay.com:443
DEBUG:urllib3.connectionpool:https://pixabay.com:443 "GET /get/g98aac053a582ff45a1894f3e1882cfbf43cd389d3eb49fddaa14779cf069f711a91674918e3fd01791f92354a6f19ae22bb8f8dcf5ac88a47209a31c6a741b5d_1280.jpg HTTP/1.1" 200 173266
DEBUG:urllib3.connectionpool:Starting new HTTPS connection (1): pixabay.com:443
DEBUG:urllib3.connectionpool:https://pixabay.com:443 "GET /get/g035a9840da08942b8f041be4813d3ba31e5da0b42fabf053ef413b8719f534b48f66025ecc321af8854da3cc5f86080b7d9839647b0bda18f3bbca8c361d0afb_1280.jpg HTTP/1.1" 200 338213
DEBUG:urllib3.connectionpool:Starting new HTTPS connection (1): pixabay.com:443
DEBUG:urllib3.connectionpool:https://pixabay.com:443 "GET /get/g02a3199723edfb30e05302480b6c059a3fe32c42358a895dc31998724b3781f07baf5ae0f8c1cd7cdae336f4c230be7a84841ca87f3afe6eba5f41a7aaea0645_1280.jpg HTTP/1.1" 200 364697
DEBUG:urllib3.connectionpool:Starting new HTTPS connection (1): pixabay.com:443
DEBUG:urllib3.connectionpool:https://pixabay.com:443 "GET /get/ge48b4db677098f3796bd1eb698f89699382f36e1431d248b2ef858302b1346d410d4e665f189caedfc4f0fc4907fa7e1b36bc905824d49e061d1a570750a8bf3_1280.jpg HTTP/1.1" 200 208598
DEBUG:urllib3.connectionpool:Starting new HTTPS connection (1): pixabay.com:443
DEBUG:urllib3.connectionpool:https://pixabay.com:443 "GET /get/g448b28d36daf9bd5b3f44ca233419c9540f7c3d1742971255a9e75bf5465632eff48d43a3ea08c8b72e43740003037600fad364cfebd6a799cebde6eb152495c_1280.jpg HTTP/1.1" 200 191369
DEBUG:urllib3.connectionpool:Starting new HTTPS connection (1): pixabay.com:443
DEBUG:urllib3.connectionpool:https://pixabay.com:443 "GET /get/gcca095557e13301e29778505e9823fe070ebe5420d931610756955201c0614d09f94233ad9a41b827569cd005d9d593969b37a195baaf1e81196c0ba3dddfad7_1280.jpg HTTP/1.1" 200 143116
DEBUG:urllib3.connectionpool:Starting new HTTPS connection (1): pixabay.com:443
DEBUG:urllib3.connectionpool:https://pixabay.com:443 "GET /get/gd104011775def0403411291cb441318f1897c7d3b35cb81f8729e9849226636d0342e0cc9adac29615f2fe6593f22709cf8fd79a436a77cfd2b52b780b45fc42_1280.jpg HTTP/1.1" 200 276599
DEBUG:urllib3.connectionpool:Starting new HTTPS connection (1): pixabay.com:443
DEBUG:urllib3.connectionpool:https://pixabay.com:443 "GET /get/gf6446970e0d934e36d63b702500057e122e6160c1f1e140588548d3ca32f53f435c9fe08a522ac1dada5bf1095ae9f745cf51af66af7b7c99d4025815c0fbf5d_1280.jpg HTTP/1.1" 200 200597
DEBUG:urllib3.connectionpool:Starting new HTTPS connection (1): pixabay.com:443
DEBUG:urllib3.connectionpool:https://pixabay.com:443 "GET /get/g673629ee6c566695f4688bbd97c1c3f5ed5af536a8c734c1dca4866cb4a6b2b823f6c10f471106ae1b83172a9255b84a19ab39bb534d2b4dc7b7d040cb3686a7_1280.jpg HTTP/1.1" 200 238579
DEBUG:urllib3.connectionpool:Starting new HTTPS connection (1): pixabay.com:443
DEBUG:urllib3.connectionpool:https://pixabay.com:443 "GET /get/gb2e3ff9d20983dc39a3c2214bed096e13f674acd23b5ed177952b4d10974caf918185aa34ad514b6d1a97f8dba4d0f53afa8b4302f149606e6fed0eb9f8444a7_1280.jpg HTTP/1.1" 200 159969
DEBUG:urllib3.connectionpool:Starting new HTTPS connection (1): pixabay.com:443
DEBUG:urllib3.connectionpool:https://pixabay.com:443 "GET /get/ge5584663fdb7ea9b1f3e39f95b47df47fd4a0cf80b9c2b88cb5a1546bf4f2bac82a40b1f67c21b12cf93a69dfe6c6aa7fe22ad32a0c4173c907c8e6355d20174_1280.jpg HTTP/1.1" 200 699049
DEBUG:urllib3.connectionpool:Starting new HTTPS connection (1): pixabay.com:443
DEBUG:urllib3.connectionpool:https://pixabay.com:443 "GET /get/g8713b2355609f4d53582c510176307c00543e69af42978dd1258c38eb8b1340eef33b2bbc1774095946f0199f8b11936addfce6a7cdff602bbd14aec3f9cde27_1280.jpg HTTP/1.1" 200 311328
DEBUG:urllib3.connectionpool:Starting new HTTPS connection (1): pixabay.com:443
DEBUG:urllib3.connectionpool:https://pixabay.com:443 "GET /get/g368a53d831224a5f8763b6fcd473df4f2689da3f9d84798af97b1ea9ea7b4a820af439797971628eb1c02808f558fa1438551d0404cb7d5767c63bf3c9eda27e_1280.jpg HTTP/1.1" 200 181815
DEBUG:urllib3.connectionpool:Starting new HTTPS connection (1): pixabay.com:443
DEBUG:urllib3.connectionpool:https://pixabay.com:443 "GET /get/g1128b655ebe8c801c5416d40f4329ca89bb3226442ca93a147ee71a781b374e4f2dfe7a15f0d5eb968e67578799ee6524faad2ee4ebfb720d57affe5d6b034fd_1280.jpg HTTP/1.1" 200 135982
DEBUG:urllib3.connectionpool:Starting new HTTPS connection (1): pixabay.com:443
DEBUG:urllib3.connectionpool:https://pixabay.com:443 "GET /api/?key=54287906-cef36533ce55948f0474da79d&q=bananas&image_type=photo&per_page=50&safesearch=True HTTP/1.1" 200 None
DEBUG:urllib3.connectionpool:Starting new HTTPS connection (1): pixabay.com:443
DEBUG:urllib3.connectionpool:https://pixabay.com:443 "GET /get/g4c794df768c3aa56ca1b8aea5f22e4c241a7c3be8af4da7a0a582b6bd4fb4514f57e3642bdd081e0dc8184f8b68e9924ad7f2cc9d8a8df644c9a3e9081020624_1280.jpg HTTP/1.1" 200 193098
DEBUG:urllib3.connectionpool:Starting new HTTPS connection (1): pixabay.com:443
DEBUG:urllib3.connectionpool:https://pixabay.com:443 "GET /get/gdd5e34c7fc1c854a1b674b484ff12f93943c1b5f2a722b00e9171a72809b12c13dde32abfd7848dd99adffc5e0794c9e_1280.jpg HTTP/1.1" 200 443799
DEBUG:urllib3.connectionpool:Starting new HTTPS connection (1): pixabay.com:443
DEBUG:urllib3.connectionpool:https://pixabay.com:443 "GET /get/g41998388251efaf5bceb6ac7cb222afd56527ceb35d4e761e888ed3547c1642a0b5c5a0b4915df80ee1f932e9e3884269d6e2e2386e2e842dfc2fb16370b1b38_1280.jpg HTTP/1.1" 200 387554
DEBUG:urllib3.connectionpool:Starting new HTTPS connection (1): pixabay.com:443
DEBUG:urllib3.connectionpool:https://pixabay.com:443 "GET /get/g4dcbb59df102adf28f60b87ad1db3da80d257c2bb8e642ead41fade9c19875effb85f76c216d8a4936f78781c302ac36f6586054d25211c1d1b5fdb525a948ff_1280.jpg HTTP/1.1" 200 188839
DEBUG:urllib3.connectionpool:Starting new HTTPS connection (1): pixabay.com:443
DEBUG:urllib3.connectionpool:https://pixabay.com:443 "GET /get/gb836cc4cf7bb24e5f4b095c00bd4f2ca1b118fb8b66b9b8156c4249bfbf684ffac801f3bc10e07cf1a8f49fdd0386ec98657e65f5ec5203286294d85c0544a3b_1280.jpg HTTP/1.1" 200 541686
DEBUG:urllib3.connectionpool:Starting new HTTPS connection (1): pixabay.com:443
DEBUG:urllib3.connectionpool:https://pixabay.com:443 "GET /get/gb7a559222f729b3459ded36288f0a151516a5f6bba6670bd2b9535cad0827a89ca7b8a562ae6893941fb346429216d314192e666f3ba46b7edbad39dfa823634_1280.jpg HTTP/1.1" 200 280870
DEBUG:urllib3.connectionpool:Starting new HTTPS connection (1): pixabay.com:443
DEBUG:urllib3.connectionpool:https://pixabay.com:443 "GET /get/gbaea031bd2ab7fefe187220c514e804416a0d13cb3d5d625c89775169c203df1006a697d7283c973d4b07d692783c6669bb646302bb70613d5287336296e9c42_1280.jpg HTTP/1.1" 200 442807
DEBUG:urllib3.connectionpool:Starting new HTTPS connection (1): pixabay.com:443
DEBUG:urllib3.connectionpool:https://pixabay.com:443 "GET /get/g899c05d82b29f4d370bd869947593e5b12af1a4f8cedfa6adf23b2948f9c73a2f5cf358275b319f68fd5019f1a6404af5dd6b9b11cfbc418605fc41aba75525c_1280.jpg HTTP/1.1" 200 305311
DEBUG:urllib3.connectionpool:Starting new HTTPS connection (1): pixabay.com:443
DEBUG:urllib3.connectionpool:https://pixabay.com:443 "GET /get/g2a4f41f054f13282bf096231adaf53026874e07b00ad164f65c5be3a246bb53d4f1e1f7d270913399e86720e051baf6e37477b9b1ca01ac6815c1241d4ccd86c_1280.jpg HTTP/1.1" 200 171425
DEBUG:urllib3.connectionpool:Starting new HTTPS connection (1): pixabay.com:443
DEBUG:urllib3.connectionpool:https://pixabay.com:443 "GET /get/ge2b376e4ad66899fbdaa5956ce4a92b0541355658c7ac7c2958f7fdb22965360865c53183c9a35eec7c3abb2d4ce3283_1280.jpg HTTP/1.1" 200 225362
DEBUG:urllib3.connectionpool:Starting new HTTPS connection (1): pixabay.com:443
DEBUG:urllib3.connectionpool:https://pixabay.com:443 "GET /get/g6a08f97c1e8016b13d022fe55bbb5554adee6eadb77f1ea162c912d04bdb0d250bef0cbc372dcb7a2db87bef8f0945772a9919431e87d5118db368f587d30e3e_1280.jpg HTTP/1.1" 200 299801
DEBUG:urllib3.connectionpool:Starting new HTTPS connection (1): pixabay.com:443
DEBUG:urllib3.connectionpool:https://pixabay.com:443 "GET /get/g22a44075adb0c1cd03f7ba67e4179f2f96b05b902534c962b67647b16fa72538c9e10d5475b28ad7d4b8e6b359ba91557dfc8ed234ffe080cb73815ec98f2dc4_1280.jpg HTTP/1.1" 200 204806
DEBUG:urllib3.connectionpool:Starting new HTTPS connection (1): pixabay.com:443
DEBUG:urllib3.connectionpool:https://pixabay.com:443 "GET /get/g09592371e00b3a31d8c9f24841275ae83a3d546ca1c0e822b9e94adbaf744d2e2ce45478ba962b41ce0adf7cdbf591ed7caad542db932c89cdfad631aaf3ff71_1280.jpg HTTP/1.1" 200 199140
DEBUG:urllib3.connectionpool:Starting new HTTPS connection (1): pixabay.com:443
DEBUG:urllib3.connectionpool:https://pixabay.com:443 "GET /get/gf3e635e1c4c772933fd61bf1609ead0de25b5627ba3e48f97e6990049254517b4ac598616da6b7c0521e9069fc4a20b5662227c160799dbb35d64e47e935ae40_1280.jpg HTTP/1.1" 200 393657
DEBUG:urllib3.connectionpool:Starting new HTTPS connection (1): pixabay.com:443
DEBUG:urllib3.connectionpool:https://pixabay.com:443 "GET /get/g502988d884ec6b712b02c622429276c46fc24432a08903c13a4015a7b8d1ec24a34424eeae82209a24d28cdd338018ab61541af47fbe28d1c3a4fadb382aa2f9_1280.jpg HTTP/1.1" 200 305956
DEBUG:urllib3.connectionpool:Starting new HTTPS connection (1): pixabay.com:443
DEBUG:urllib3.connectionpool:https://pixabay.com:443 "GET /get/g0629dcbc8e0151685c60c5e374e6fa963cd037033bdc19eb82051c8d6d8a704feff5a98c0d4deef0561b9bacbd9beb9cb12799e1a41769d1446850152a242050_1280.jpg HTTP/1.1" 200 203806
DEBUG:urllib3.connectionpool:Starting new HTTPS connection (1): pixabay.com:443
DEBUG:urllib3.connectionpool:https://pixabay.com:443 "GET /get/g1ef2d0ce265410cdd06f590d08ba8b05d67d05b3701de9d81015a3031b589f38e4857c50bb7871a23a09c90c49ea005cd0f26b0e751dbf186cb9e643b16c137d_1280.jpg HTTP/1.1" 200 283279
DEBUG:urllib3.connectionpool:Starting new HTTPS connection (1): pixabay.com:443
DEBUG:urllib3.connectionpool:https://pixabay.com:443 "GET /get/g334c0f67f494a6bf850baf919acfe2080c4caf2c4c0c0ab8d56c2612653cd1fcc8c6a352b8a34060e06288752c8f5fe906ad8b5d849c3b3c07ca96b68147b397_1280.jpg HTTP/1.1" 200 250212
DEBUG:urllib3.connectionpool:Starting new HTTPS connection (1): pixabay.com:443
DEBUG:urllib3.connectionpool:https://pixabay.com:443 "GET /get/g7c8373aaf7c2e08ba20811f1d2ab5cb3e4c8b6ed0e57c7316e8564173ee07bd13e6beebcf6ec816e9680ce32a3f52bf2f878e327c84dfb3c038cd7cf7c3a2b06_1280.jpg HTTP/1.1" 200 245078
DEBUG:urllib3.connectionpool:Starting new HTTPS connection (1): pixabay.com:443
DEBUG:urllib3.connectionpool:https://pixabay.com:443 "GET /get/g65e76ebe2b3e179e16dd35d5fa7bd0325ac798953f890900de93b4a542af5dbf1e0a21fa723fd04964b48fe6189b96e46ad54a031f9c5c2f325de0b8a985d716_1280.jpg HTTP/1.1" 200 126072
DEBUG:urllib3.connectionpool:Starting new HTTPS connection (1): pixabay.com:443
DEBUG:urllib3.connectionpool:https://pixabay.com:443 "GET /get/gc00a5850139976a5171e38042ddd0df7bbd58a747708372ab8f0b9f2e6da2d5cec3ef40cd833e22bce39ad67295f9dce362287b264d8aea4e89b55f638c260fd_1280.jpg HTTP/1.1" 200 231376
DEBUG:urllib3.connectionpool:Starting new HTTPS connection (1): pixabay.com:443
DEBUG:urllib3.connectionpool:https://pixabay.com:443 "GET /get/ga9afa97034f8f1667d62e97b5be46a0039246a3dc8a6ca308ad45e97ade580000d5c5f70b58ff9e99b1bd65051c39c74f18a9c5e09d354b601c58fd4cd2523ed_1280.jpg HTTP/1.1" 200 255036
DEBUG:urllib3.connectionpool:Starting new HTTPS connection (1): pixabay.com:443
DEBUG:urllib3.connectionpool:https://pixabay.com:443 "GET /get/gfaa7d8195df6feb92417779457950ca3ecc28e1ae437fdf76da6d078756e260c0f4ecdfb35802f717b0228e2e6326aa3945cea40863b16e5bab6fe4f204df465_1280.jpg HTTP/1.1" 200 261712
DEBUG:urllib3.connectionpool:Starting new HTTPS connection (1): pixabay.com:443
DEBUG:urllib3.connectionpool:https://pixabay.com:443 "GET /get/gb9d38bc53a9e90662aba8940f84564d744c7b197e9068c35c052e196752a40711ab1e0344116db8b1b08cb2fe5c5271c9d8f285a2e5177c87fd883bbcc10f60c_1280.jpg HTTP/1.1" 200 276217
DEBUG:urllib3.connectionpool:Starting new HTTPS connection (1): pixabay.com:443
DEBUG:urllib3.connectionpool:https://pixabay.com:443 "GET /get/gba54ba30bb2065b1bd9dad069915bfaa3150c61fede5f446732dcc2cc307098f5d412f53c37e1408531c40d77456e0c263a8f8e80619b74472f2deac63ebf288_1280.jpg HTTP/1.1" 200 335420
DEBUG:urllib3.connectionpool:Starting new HTTPS connection (1): pixabay.com:443
DEBUG:urllib3.connectionpool:https://pixabay.com:443 "GET /get/gdc2a552e05490bf1e96362955421c9cf40ff7619add8fdf2335b43e2672ca777d5c5442b44760e237548388610039145f638a860835e25b2de226dad94b27a06_1280.jpg HTTP/1.1" 200 270017
DEBUG:urllib3.connectionpool:Starting new HTTPS connection (1): pixabay.com:443
DEBUG:urllib3.connectionpool:https://pixabay.com:443 "GET /get/ga0d4b538c4d627760ca9527b1a5f0167cd0260923abf6bf5bbae89e063a2f7e061d75ce1304e85575fd261fcc45b503769fcffa9ac387e749159610562d9cdcb_1280.jpg HTTP/1.1" 200 415670
DEBUG:urllib3.connectionpool:Starting new HTTPS connection (1): pixabay.com:443
DEBUG:urllib3.connectionpool:https://pixabay.com:443 "GET /get/g0a0e239ed568782c2eb4bbeb6e3070c84894ecaa92216e735b84e935d42d52d2068ffbb817ccd772615dd924cde9771b26a670a3d585dffcba7d22e7f950bbf8_1280.jpg HTTP/1.1" 200 122182
DEBUG:urllib3.connectionpool:Starting new HTTPS connection (1): pixabay.com:443
DEBUG:urllib3.connectionpool:https://pixabay.com:443 "GET /get/g69dad7ba4e47163e49f1f6dc90ae4fd7c6e252d8e8fed118e9b2e1c45bfa4a1f08c000ced4e341d89babff1d06cd7d34_1280.jpg HTTP/1.1" 200 261591
DEBUG:urllib3.connectionpool:Starting new HTTPS connection (1): pixabay.com:443
DEBUG:urllib3.connectionpool:https://pixabay.com:443 "GET /get/gc67b7632523069afe5077c4d778999d397a1cf15c15a0c94b9296e40c06a531e1085f709b4e93a5ae3a0de91e7a4440be980c76703accf91b4ad60807e047213_1280.jpg HTTP/1.1" 200 258047
DEBUG:urllib3.connectionpool:Starting new HTTPS connection (1): pixabay.com:443
DEBUG:urllib3.connectionpool:https://pixabay.com:443 "GET /get/gce186eead8a5de4cc65e08591872262d395ba654b2eb526024dd8820cf45f00d321b208705b166a5f81d10438b5c618a4f0aae4a24b2bc9d50fcd1311a54da74_1280.jpg HTTP/1.1" 200 256083
DEBUG:urllib3.connectionpool:Starting new HTTPS connection (1): pixabay.com:443
DEBUG:urllib3.connectionpool:https://pixabay.com:443 "GET /get/gff683ab3b06ab06d79ca377969d627a52554f1929fc86deb8d39a542dc5e2a815875a1aa6117f2a466d6bc474dea8debc3ee0a938d301dcf8ebb8f91b05ff84e_1280.jpg HTTP/1.1" 200 269789
DEBUG:urllib3.connectionpool:Starting new HTTPS connection (1): pixabay.com:443
DEBUG:urllib3.connectionpool:https://pixabay.com:443 "GET /get/gb751b5b27e8c39f039a6780b75e5371945c42c266cd2830bb691ca2d5c0d598a2fc9c3fdb980c07ece4fc54d8012f487d50bc8aceffbb8a9469e143739562e6f_1280.jpg HTTP/1.1" 200 360700
DEBUG:urllib3.connectionpool:Starting new HTTPS connection (1): pixabay.com:443
DEBUG:urllib3.connectionpool:https://pixabay.com:443 "GET /get/g08163fe9d76ae7d6fe36f1c6b410cc4ff648ea0290441b2c097a98d55660cbb48609f80ffb748064694394f40e6b7242bd05814b5ed8d284cd8636d74071c57f_1280.jpg HTTP/1.1" 200 186163
DEBUG:urllib3.connectionpool:Starting new HTTPS connection (1): pixabay.com:443
DEBUG:urllib3.connectionpool:https://pixabay.com:443 "GET /get/g6f792e9bfa20617f86e6c48832a0d18d66022630b638b403f4039c0c9ce69d122d127fa0856e755135ffab422fb1e43bef5a584bd8da62d485622a0b057baf23_1280.jpg HTTP/1.1" 200 446353
DEBUG:urllib3.connectionpool:Starting new HTTPS connection (1): pixabay.com:443
DEBUG:urllib3.connectionpool:https://pixabay.com:443 "GET /get/g61fe399c4e50261544d22f2728d2d6b6fe52a4fad4b08df61f2161be1d9b11772f670ceab4c06ed40737f5b9bf2983181546f28b278cfc82cdc90922b94f9480_1280.jpg HTTP/1.1" 200 89039
DEBUG:urllib3.connectionpool:Starting new HTTPS connection (1): pixabay.com:443
DEBUG:urllib3.connectionpool:https://pixabay.com:443 "GET /get/g6c0c30f2f672c7faf1bf5eddcb870bb2c7c0a2df1f57bbe94925583bc7dc824d932a81861397a1cc1957d5cb366de95152cd8cf05aafedf86dad34f3cca71e44_1280.jpg HTTP/1.1" 200 492705
DEBUG:urllib3.connectionpool:Starting new HTTPS connection (1): pixabay.com:443
DEBUG:urllib3.connectionpool:https://pixabay.com:443 "GET /get/gaa1a036e36629ee59f60395a60284306db7885d4405d8c4216e3f831f98340657bd6386624537dd354b199f28355dd5d7330a0437f43d116a987dc752878ec66_1280.jpg HTTP/1.1" 200 352866
DEBUG:urllib3.connectionpool:Starting new HTTPS connection (1): pixabay.com:443
DEBUG:urllib3.connectionpool:https://pixabay.com:443 "GET /get/g9d06f87316f8bc66c759826a9d5688db3840ec9fcefd7751359925c08e8103045ddc181b251b8af0703971747ae1ce4e22ab2e613285c2ce9ce6fe36daa37ff3_1280.jpg HTTP/1.1" 200 205007
DEBUG:urllib3.connectionpool:Starting new HTTPS connection (1): pixabay.com:443
DEBUG:urllib3.connectionpool:https://pixabay.com:443 "GET /get/g9867a761adafbcbba7c8600d2fc94276b2589e9ee276d5d6829af7a72e8e9b0584d6b5c06633d024e290039ac19e5115b8ff0b9eddfaed5ba2baee5e692430aa_1280.jpg HTTP/1.1" 200 202478
DEBUG:urllib3.connectionpool:Starting new HTTPS connection (1): pixabay.com:443
DEBUG:urllib3.connectionpool:https://pixabay.com:443 "GET /get/g63191df2cb0f7090054915ffc6ffd86a82f8ce7dae8a6903e40247b5f9125f5d82368f87f02a2420039c02143e14b7df31bfe6fa278d9cc8c0182a15ded37619_1280.jpg HTTP/1.1" 200 341559
DEBUG:urllib3.connectionpool:Starting new HTTPS connection (1): pixabay.com:443
DEBUG:urllib3.connectionpool:https://pixabay.com:443 "GET /get/g2ddd9ad6a3b995995ad0f4675f320539ddd8c70a4d2c370409a2bdfd09d0d7327ddcc7b056dd0c58acf0449295e7e895669630ab0bcfc7982070833f5f61cec4_1280.jpg HTTP/1.1" 200 122899
DEBUG:urllib3.connectionpool:Starting new HTTPS connection (1): pixabay.com:443
DEBUG:urllib3.connectionpool:https://pixabay.com:443 "GET /get/g89ef5a425bdd441cc43110016f6855d2e91059b0c729ee4f265f8f08606ec791df570e7baaa7491a1642b06ba22f2e5872de831fa06e9f3a0fc41f4d64eb39c5_1280.jpg HTTP/1.1" 200 225295
DEBUG:urllib3.connectionpool:Starting new HTTPS connection (1): pixabay.com:443
DEBUG:urllib3.connectionpool:https://pixabay.com:443 "GET /get/g4d8bc30637506392250274be9c0f5936eaf44f936e6b310389ad79f916a698c39586a482b83ccf9472b8b8375fea0081ed4bee58d8f3f1f7dbb7f8df92a9e3d6_1280.jpg HTTP/1.1" 200 219157
DEBUG:urllib3.connectionpool:Starting new HTTPS connection (1): pixabay.com:443
DEBUG:urllib3.connectionpool:https://pixabay.com:443 "GET /get/g577eda630fb1876728c0d65dd73be0f31ac6027476f526c5cccdabdc7e156e8b998aec2a3cb1110a41e4d40cc2b38fc27c16e41a7ccdf07b6480c274b5ea0f62_1280.jpg HTTP/1.1" 200 245255
DEBUG:urllib3.connectionpool:Starting new HTTPS connection (1): pixabay.com:443
DEBUG:urllib3.connectionpool:https://pixabay.com:443 "GET /get/g525cda51efe9849fe8395f55d9460b909e78e442d8308da59831764759d6bf23bdfa2749181c2783face7cccadfe446f3b905c81fec2f99bf2a2f23678ee776e_1280.jpg HTTP/1.1" 200 119281
DEBUG:urllib3.connectionpool:Starting new HTTPS connection (1): pixabay.com:443
DEBUG:urllib3.connectionpool:https://pixabay.com:443 "GET /get/g09cd9450371480efb5cace24d162e4a7d01ad819d0f8535c20df113c2828d4fb756faf2cc4d2232d3b9abf45d011046fcebfeeb9f66f2401c561edb055d3af12_1280.jpg HTTP/1.1" 200 256118
DEBUG:urllib3.connectionpool:Starting new HTTPS connection (1): pixabay.com:443
DEBUG:urllib3.connectionpool:https://pixabay.com:443 "GET /get/g6d9779d3654285a30fef862a82ea9bce6392c2356f6144352d44421ade9748194949afc221f36981a808b6097cd9fbce777548b357b80e09d43ecb834c82423b_1280.jpg HTTP/1.1" 200 475719
DEBUG:urllib3.connectionpool:Starting new HTTPS connection (1): pixabay.com:443
DEBUG:urllib3.connectionpool:https://pixabay.com:443 "GET /get/ge6dc48c30fd22e99dbdf934009b085f6f56a80a647f88a5a81b67b04c51ad892220381a195379ec4f5bd99c50e9d574c66265c3dfdfa6a4db8f8083feab74caf_1280.jpg HTTP/1.1" 200 300865
DEBUG:urllib3.connectionpool:Starting new HTTPS connection (1): pixabay.com:443
DEBUG:urllib3.connectionpool:https://pixabay.com:443 "GET /get/g86b3cae4b76a595d76bcd269e98084fc2742470a299747b5e9222e3f205002376ae72b95d8b767f7e835706c8a03fffd_1280.jpg HTTP/1.1" 200 271940
DEBUG:urllib3.connectionpool:Starting new HTTPS connection (1): pixabay.com:443
DEBUG:urllib3.connectionpool:https://pixabay.com:443 "GET /api/?key=54287906-cef36533ce55948f0474da79d&q=carrots&image_type=photo&per_page=50&safesearch=True HTTP/1.1" 200 None
DEBUG:urllib3.connectionpool:Starting new HTTPS connection (1): pixabay.com:443
DEBUG:urllib3.connectionpool:https://pixabay.com:443 "GET /get/gc378bca3bf2beeec72915056732af1a313d64db38a96adc40e1a5f8c7d0fd551c992bc82a5cbad7b487c1cc1c3d9007307bde4d9bb740f739cd67f96de5461a4_1280.jpg HTTP/1.1" 200 257679
DEBUG:urllib3.connectionpool:Starting new HTTPS connection (1): pixabay.com:443
DEBUG:urllib3.connectionpool:https://pixabay.com:443 "GET /get/g24f05cd6937751a17e2febd3e71b02c74bf24960effa309f665af764767c833a91d8fbc3c324464c1c1e2e45c38661989b2ff2493465fc1e01176fd87d88d38c_1280.jpg HTTP/1.1" 200 151649
DEBUG:urllib3.connectionpool:Starting new HTTPS connection (1): pixabay.com:443
DEBUG:urllib3.connectionpool:https://pixabay.com:443 "GET /get/g1b1dc83676d46a1d1925de026a469cf0821d3c1e1eba1a5a5e1a65b4e1c7b8fe3084fa5fb505f1a2aa5ea8185af69ab83f67a3834d318619d25640a1b9bf260b_1280.jpg HTTP/1.1" 200 271618
DEBUG:urllib3.connectionpool:Starting new HTTPS connection (1): pixabay.com:443
DEBUG:urllib3.connectionpool:https://pixabay.com:443 "GET /get/g962eeb2ccdc53717c16e344191ba1f5bb3f934ae29565d9352259530e5ea028c0912ee8a819e58d754522042737beb6d14acdcd2326aa6a2ccdbd760f7e39f70_1280.jpg HTTP/1.1" 200 244112
DEBUG:urllib3.connectionpool:Starting new HTTPS connection (1): pixabay.com:443
DEBUG:urllib3.connectionpool:https://pixabay.com:443 "GET /get/g524d279b270e226d163682479e9f90d4de4ab21f2978dcefb5d0856807bdf631f3bc4510462d0c9bb6ccbc225255b633a1b4605aaaac6fcc63ac0bd04f8aff6f_1280.jpg HTTP/1.1" 200 323140
DEBUG:urllib3.connectionpool:Starting new HTTPS connection (1): pixabay.com:443
DEBUG:urllib3.connectionpool:https://pixabay.com:443 "GET /get/gadec0779a23fdf3ac133c62803a4bf754a1f6194e1897593cafd4ae2bb5a75c1cd67ce46d8b42afeb692d2d9e4c9e7783b607a1c9d3797580f80da8427e9e4b2_1280.jpg HTTP/1.1" 200 348429
DEBUG:urllib3.connectionpool:Starting new HTTPS connection (1): pixabay.com:443
DEBUG:urllib3.connectionpool:https://pixabay.com:443 "GET /get/g262122159a87111fada3442cffddbb213c5d33046b7f57b42d1374341269c02b142d1d35c8f2c1fe1f4462ff110395ae2a0bc7aebbea5b6c17421515a0a0b297_1280.jpg HTTP/1.1" 200 224045
DEBUG:urllib3.connectionpool:Starting new HTTPS connection (1): pixabay.com:443
DEBUG:urllib3.connectionpool:https://pixabay.com:443 "GET /get/g7ce0433e1d723d500ea1cb4e55a3d6257cf7c29b78af1d0cefe73661360f4f0f326642f7626e8a8231f9ec3d67c318a1466e354ba560b2d3ed71ef30ff8f916c_1280.jpg HTTP/1.1" 200 359406
DEBUG:urllib3.connectionpool:Starting new HTTPS connection (1): pixabay.com:443
DEBUG:urllib3.connectionpool:https://pixabay.com:443 "GET /get/gd3a32e010cfe8c1316697f3ea38cf5001c20f9ef2b5b0db26da9e806a3f963842414a1491c34540e937dd0a00bcebd421b3ad7771b19a3b055a0ac251bb88d5f_1280.jpg HTTP/1.1" 200 210033
DEBUG:urllib3.connectionpool:Starting new HTTPS connection (1): pixabay.com:443
DEBUG:urllib3.connectionpool:https://pixabay.com:443 "GET /get/g18f3fdadab6666ea57de184fb1f653413e00efab93cd0248f31df23f2fce4a23b21173907c2b7dedba1f99790a69b65d519ee5aff77e851ec2a5397fbd14219a_1280.jpg HTTP/1.1" 200 104333
DEBUG:urllib3.connectionpool:Starting new HTTPS connection (1): pixabay.com:443
DEBUG:urllib3.connectionpool:https://pixabay.com:443 "GET /get/g73b165d245891efb60fe3f8514344dbb87dae1c49d16aba575cbf4a3a38e7e6d98c1b64d25e558ef855924dcc8ae042b72afb6322dc6903e13abf9d245f82a7f_1280.jpg HTTP/1.1" 200 143338
DEBUG:urllib3.connectionpool:Starting new HTTPS connection (1): pixabay.com:443
DEBUG:urllib3.connectionpool:https://pixabay.com:443 "GET /get/gd6e7ba02896afd18202c96e3e8bb9c4254337d7588f7e77dea244032da0b15f8f37d3c2a0106638cb506a50ffd34fd7a9436350cdd552a53e3b710d735a4e461_1280.jpg HTTP/1.1" 200 287660
DEBUG:urllib3.connectionpool:Starting new HTTPS connection (1): pixabay.com:443
DEBUG:urllib3.connectionpool:https://pixabay.com:443 "GET /get/ge32591674db534f02aeb5665ad87a596dc0c434901cbb0c5306f1c475ac925ef70dc327b9a49f89599fdefc63883369165f2c0a337ad757cbce9a8164fc95007_1280.jpg HTTP/1.1" 200 229282
DEBUG:urllib3.connectionpool:Starting new HTTPS connection (1): pixabay.com:443
DEBUG:urllib3.connectionpool:https://pixabay.com:443 "GET /get/gd745ba240c675e2790e12daab47b1db528da5ec0c60a4e8b3a6d7a2a6e3261c32ea09cdc21f7e155d5bcbd386cb9acb9357e9a20d3b7c3297d8abea6914a67e6_1280.jpg HTTP/1.1" 200 260224
DEBUG:urllib3.connectionpool:Starting new HTTPS connection (1): pixabay.com:443
DEBUG:urllib3.connectionpool:https://pixabay.com:443 "GET /get/gd47beb92a4ca367e7d417be4a93b3c2722750eeabb11eb7603ade40bcf9ebe16f293ed321fbb84f0f1f9614b1eb3a0abe0065390c18ce73075c3f186383a6e09_1280.jpg HTTP/1.1" 200 283569
DEBUG:urllib3.connectionpool:Starting new HTTPS connection (1): pixabay.com:443
DEBUG:urllib3.connectionpool:https://pixabay.com:443 "GET /get/gd10afd467400ef2a32f09f1a10047c8e055820f64832b41b34c30aae666289a459a940701cccf6c3c6e7cbc0718e466a31b4679103d4b711e208fd56f8c1ac3a_1280.jpg HTTP/1.1" 200 200179
DEBUG:urllib3.connectionpool:Starting new HTTPS connection (1): pixabay.com:443
DEBUG:urllib3.connectionpool:https://pixabay.com:443 "GET /get/g64ce46d2db190570062a8e44b5e2e41fdfd044b6597f7f14b3531da94f3fcbd2166a30aad677d014e3591e4af0a4aea4edd31e85df92fe693be5bdea922c870b_1280.jpg HTTP/1.1" 200 251711
DEBUG:urllib3.connectionpool:Starting new HTTPS connection (1): pixabay.com:443
DEBUG:urllib3.connectionpool:https://pixabay.com:443 "GET /get/g1f113ce8c6320dee810578e91f80b6ba8cfcecb1423ab622c2bdc5e73f574792d9970c9170aa773f4a2112f1ee8f320ba726c2bcdcff4da3cff57cecace2adf0_1280.jpg HTTP/1.1" 200 194994
DEBUG:urllib3.connectionpool:Starting new HTTPS connection (1): pixabay.com:443
DEBUG:urllib3.connectionpool:https://pixabay.com:443 "GET /get/g831195f7c0a7524c0c8b75a25d6805a6d06c8b72b946625a5e134d6423922caf9b6ce8b60c035c46fdfe4095196f428aa9b21fd9a4705cc5da7b7a3cd6c4dc11_1280.jpg HTTP/1.1" 200 274229
DEBUG:urllib3.connectionpool:Starting new HTTPS connection (1): pixabay.com:443
DEBUG:urllib3.connectionpool:https://pixabay.com:443 "GET /get/g89d6934323827f8baef749c17228a7e2f1cfeb674773f93e5cbee4c4730c7875cbd27c76a6ea1fd8913ddd6acb8597f15d41c30eab41c13fa24a2b50d5bcd63f_1280.jpg HTTP/1.1" 200 286880
DEBUG:urllib3.connectionpool:Starting new HTTPS connection (1): pixabay.com:443
DEBUG:urllib3.connectionpool:https://pixabay.com:443 "GET /get/g95f9fbd96280afa5841af04ca3bc6670bea4a5a32c9499e67570c6ff47baac0fe284ca89183c42088af765f0af916dda5822fa2c8931cee784f70be50d7f8815_1280.jpg HTTP/1.1" 200 235588
DEBUG:urllib3.connectionpool:Starting new HTTPS connection (1): pixabay.com:443
DEBUG:urllib3.connectionpool:https://pixabay.com:443 "GET /get/g30ee0359ab342246222d16f44b2d807421b688b491ef4aca27030f2b712d41ec2d2c9178e4cfc12ad97cdf3a73ca5e93f42b3754f91f9e0c22b0a343def701b0_1280.jpg HTTP/1.1" 200 176687
DEBUG:urllib3.connectionpool:Starting new HTTPS connection (1): pixabay.com:443
DEBUG:urllib3.connectionpool:https://pixabay.com:443 "GET /get/g3959117717ed150def82e628112237d2a138aab175a19f3a930dc73f00db287b51f4faaf0faef74bdbe5d52fa90f7079dd553512f8a39f2965f9aca6aa1394b9_1280.jpg HTTP/1.1" 200 214460
DEBUG:urllib3.connectionpool:Starting new HTTPS connection (1): pixabay.com:443
DEBUG:urllib3.connectionpool:https://pixabay.com:443 "GET /get/g3cbf4316c4ef027a534eebb40a1c8bb3671767b5288807c08edac2f4e7e9bedef56c86430aac0923c0a08eeae6709a2dae979e5ce70d56a24ab0cb5ad26a0b88_1280.jpg HTTP/1.1" 200 316823
DEBUG:urllib3.connectionpool:Starting new HTTPS connection (1): pixabay.com:443
DEBUG:urllib3.connectionpool:https://pixabay.com:443 "GET /get/gc50052fb8a98acc2b2104a87983ecdbda487c0567bd2300b390375149a2dcae06d6e60b0b8a013e494631ded38eebcf742f97c77e71c2873369845c7dcd63bea_1280.jpg HTTP/1.1" 200 335183
DEBUG:urllib3.connectionpool:Starting new HTTPS connection (1): pixabay.com:443
DEBUG:urllib3.connectionpool:https://pixabay.com:443 "GET /get/g714f56ff5940ee145526c8f6bce8dab114bc9a5b75f6f34290c8709ba28f63ccdc030b6b6c91a26a6c31d5069e8db17f79bedfff72521d4feb791f2bb5458e21_1280.png HTTP/1.1" 200 1159565
DEBUG:urllib3.connectionpool:Starting new HTTPS connection (1): pixabay.com:443
DEBUG:urllib3.connectionpool:https://pixabay.com:443 "GET /get/g605af44874e6e1c0dbf78b088c9089f11de042ac5532620d679340772bfd01fb3c7cd49629597b222ae1d92b3fdfe2548fdf2d44bb3e72008655d76abb553a1a_1280.jpg HTTP/1.1" 200 218817
DEBUG:urllib3.connectionpool:Starting new HTTPS connection (1): pixabay.com:443
DEBUG:urllib3.connectionpool:https://pixabay.com:443 "GET /get/gdc244c55ed722e97f27e0da7a16f4afafdbca5258547128bca453e9d466f9a82d4dd87143095c7d7fd59479895ba12ae51928ecbb832e6f301ddd051c61f0f60_1280.jpg HTTP/1.1" 200 192597
DEBUG:urllib3.connectionpool:Starting new HTTPS connection (1): pixabay.com:443
DEBUG:urllib3.connectionpool:https://pixabay.com:443 "GET /get/g655dad0d11893a453331647e9da23c7cf130830c08bb445d81ec9246e2688814d1ae27c790155888f4c2f8ec2542e4f905677b944d46501b16c66e13c820e22e_1280.jpg HTTP/1.1" 200 203456
DEBUG:urllib3.connectionpool:Starting new HTTPS connection (1): pixabay.com:443
DEBUG:urllib3.connectionpool:https://pixabay.com:443 "GET /get/g6d716387e83731d4ff4cc0f9507095e4f1f9c4ef7ee78b6e91ca2d268218890dd7e0e663cd093957bc57380e1e05ca826cda59b63460213a25cba655fe4de8ad_1280.jpg HTTP/1.1" 200 190737
DEBUG:urllib3.connectionpool:Starting new HTTPS connection (1): pixabay.com:443
DEBUG:urllib3.connectionpool:https://pixabay.com:443 "GET /get/g54e87fb400bf7954a812055706b288cf54d1858e77fc25f0e27d3c41b553b12b69455dda7f32363ec9e3806bb4b182d1a34bf9a4ee52affd5f1e098597c36346_1280.jpg HTTP/1.1" 200 209605
DEBUG:urllib3.connectionpool:Starting new HTTPS connection (1): pixabay.com:443
DEBUG:urllib3.connectionpool:https://pixabay.com:443 "GET /get/gfa2ffec59646aa7ac61fd035409668f6ef76c3f892641c1a6078553c57086dad8ef524f2a679f1d7a3e8b0e1f6e7af4dc8377239dd8076b5291008ef2cf842af_1280.jpg HTTP/1.1" 200 222035
DEBUG:urllib3.connectionpool:Starting new HTTPS connection (1): pixabay.com:443
DEBUG:urllib3.connectionpool:https://pixabay.com:443 "GET /get/gab890414d1545e21e3d6dbff2a4fa88282ac76865bbe99a80bf66cc3a5bb04edcf96d7db3a8d62217f394f0e6c5ec4d98ade04f77e9be5c993cdc4a621cfac0d_1280.jpg HTTP/1.1" 200 202887
DEBUG:urllib3.connectionpool:Starting new HTTPS connection (1): pixabay.com:443
DEBUG:urllib3.connectionpool:https://pixabay.com:443 "GET /get/ge52e51a5b8b9210816284b0fbebbfa4903024b4a55d78010221f82c95f3267d916b0bf396e22e8078fbb40a57de4b7d2019e7eb930a5173717ee081e944a90d1_1280.jpg HTTP/1.1" 200 339646
DEBUG:urllib3.connectionpool:Starting new HTTPS connection (1): pixabay.com:443
DEBUG:urllib3.connectionpool:https://pixabay.com:443 "GET /get/g652782cdb67d35ad00b01928e2acb1923d1ca8f3d710b78a92102c0d07779436b0491519a25904e875623ebb4b76ce2ea7869824a9ebfd7b903f1c1f0400e40f_1280.jpg HTTP/1.1" 200 252794
DEBUG:urllib3.connectionpool:Starting new HTTPS connection (1): pixabay.com:443
DEBUG:urllib3.connectionpool:https://pixabay.com:443 "GET /get/g8c30369b48d3c1e6732b2f6c4a0a4e22ce3de7866dca27fcbebea3f276f7fbc4e6296c8d0d3cb5cc4521e41db89825677bd5c51ab353eaf7256a848f55c256f3_1280.jpg HTTP/1.1" 200 156572
DEBUG:urllib3.connectionpool:Starting new HTTPS connection (1): pixabay.com:443
DEBUG:urllib3.connectionpool:https://pixabay.com:443 "GET /get/g4091c56cf22f6c0f21c0fd5165f1a21c2728ef2342775617cc1fba72d3a44e3dd6ad2985505715d6a7d6e8f06c4fa7fe82e57801a66d9d1c606e703a61caaecc_1280.jpg HTTP/1.1" 200 292580
DEBUG:urllib3.connectionpool:Starting new HTTPS connection (1): pixabay.com:443
DEBUG:urllib3.connectionpool:https://pixabay.com:443 "GET /get/gbd37e7570a61068ba2f9be092bd359e0745b950c6f1e2d818c43550e2b18cc0533004a1f9255602ed60f319024c9c418d722ff8df76b52f0462450d84b338706_1280.jpg HTTP/1.1" 200 244921
DEBUG:urllib3.connectionpool:Starting new HTTPS connection (1): pixabay.com:443
DEBUG:urllib3.connectionpool:https://pixabay.com:443 "GET /get/gbc1c1add7f2dae44593ab6d70f21ad6e0b38611cf0fe24b8f8667a5dacb70b8a6ef9f5b4a0a090bbe545f9a4eb83a3ae184c37246bf983de386ffdc3f8a74bd4_1280.jpg HTTP/1.1" 200 314031
DEBUG:urllib3.connectionpool:Starting new HTTPS connection (1): pixabay.com:443
DEBUG:urllib3.connectionpool:https://pixabay.com:443 "GET /get/g1508348bccce3852fa4dcd4daf4ddb6417d22224ebc304ae3001436180a8ae4986f192f7d624658fc3c9c6cddb615ed4782d71c6ffff346cbd4716841a1f7620_1280.jpg HTTP/1.1" 200 216063
DEBUG:urllib3.connectionpool:Starting new HTTPS connection (1): pixabay.com:443
DEBUG:urllib3.connectionpool:https://pixabay.com:443 "GET /get/g39328a214b2e6c3d7d01bcbf60a56f742d3f893e597653bc7f3ff7ca0fd710c91e4c7f8765b894110cb4f4a0c0ba8d908f7d20281e9abd91a9105468b11dd127_1280.jpg HTTP/1.1" 200 358578
DEBUG:urllib3.connectionpool:Starting new HTTPS connection (1): pixabay.com:443
DEBUG:urllib3.connectionpool:https://pixabay.com:443 "GET /get/g681d0411c610ccde9d3e78815a7e56d529b0f34ea4140f4994e042a8b3af9f38812183d2882691288a32e42a93e5895cd0eeacde81ef34bb3f447340b189b3eb_1280.jpg HTTP/1.1" 200 204070
DEBUG:urllib3.connectionpool:Starting new HTTPS connection (1): pixabay.com:443
DEBUG:urllib3.connectionpool:https://pixabay.com:443 "GET /get/g0e45f72f57c0aa0324c5a84b18383d7cc51822beaae0594cbbd4a322d816d509773e929a0c77be0269c24fb96644c2bdcc7fa9ba8cbd75b95fc88c9570b34293_1280.jpg HTTP/1.1" 200 419574
DEBUG:urllib3.connectionpool:Starting new HTTPS connection (1): pixabay.com:443
DEBUG:urllib3.connectionpool:https://pixabay.com:443 "GET /get/ga0a762bc31a45450dedfc104acc893d5da15172aee54b340e3f3b7086bfa3ce00d845d237728ef3f3ac64051272fbb002d0e6660581e11957fc05bdc892c8b0a_1280.jpg HTTP/1.1" 200 257539
DEBUG:urllib3.connectionpool:Starting new HTTPS connection (1): pixabay.com:443
DEBUG:urllib3.connectionpool:https://pixabay.com:443 "GET /get/g4a94edf42793e0f9c7d0764bd216cba5c6f9b4397163173efc8bc1fca9ca5dd212571653be9f7f4050a712fa589fdcee31524e84a14ed3e13ff4dcf349147b46_1280.jpg HTTP/1.1" 200 201993
DEBUG:urllib3.connectionpool:Starting new HTTPS connection (1): pixabay.com:443
DEBUG:urllib3.connectionpool:https://pixabay.com:443 "GET /get/g42bb5a8982cf744570ad0e2eae50d676e1b50a52380563212449b5fef51e4116fbec26eba9ae04b360c5b97bddbe222c516a8940bdd9ec91be1c2b07fda8c398_1280.jpg HTTP/1.1" 200 208715
DEBUG:urllib3.connectionpool:Starting new HTTPS connection (1): pixabay.com:443
DEBUG:urllib3.connectionpool:https://pixabay.com:443 "GET /get/g6cf6a09e462f3c34db1c491f4a21f22f94599ae49e53f0487337da94385cdc5672711b4bcb0248605018600ee092b96e8e765dba56a503826b099b07cabafb83_1280.jpg HTTP/1.1" 200 167748
DEBUG:urllib3.connectionpool:Starting new HTTPS connection (1): pixabay.com:443
DEBUG:urllib3.connectionpool:https://pixabay.com:443 "GET /get/ge99dccbc5a2b120976600c5487dd6d4bf885484771e1c69c0f20a750a5b319dc5f5b5ad5a27bb6283f4ee5a495f9adc12c7c289ab07fe4c1f5dfc77f4eb37130_1280.jpg HTTP/1.1" 200 358243
DEBUG:urllib3.connectionpool:Starting new HTTPS connection (1): pixabay.com:443
DEBUG:urllib3.connectionpool:https://pixabay.com:443 "GET /get/g05403fcda3155f3e84951b6f1a63b1732a9101a1dbff1a35ea78f6a6272d1bab7f9751a937f6541b28b0cfd9c143dd882129c622f57032976a744c4ae20c2cb3_1280.jpg HTTP/1.1" 200 222728
DEBUG:urllib3.connectionpool:Starting new HTTPS connection (1): pixabay.com:443
DEBUG:urllib3.connectionpool:https://pixabay.com:443 "GET /get/g57709a4a555a7178852aa14fac9a18bbbfd811aa5e88bf86a59ea7a3e87afc20b0fed16e30c6c3fa1414b3e417843e07fa5c999e1d6ac5b8a45d717afbc81124_1280.jpg HTTP/1.1" 200 195567
DEBUG:urllib3.connectionpool:Starting new HTTPS connection (1): pixabay.com:443
DEBUG:urllib3.connectionpool:https://pixabay.com:443 "GET /api/?key=54287906-cef36533ce55948f0474da79d&q=tomatoes&image_type=photo&per_page=50&safesearch=True HTTP/1.1" 200 None
DEBUG:urllib3.connectionpool:Starting new HTTPS connection (1): pixabay.com:443
DEBUG:urllib3.connectionpool:https://pixabay.com:443 "GET /get/g0dc3c241bb956320337fdc34ea09bbb32be55f569a8e2c95367f0baa6bbe9edfa5ad6b9f1462dec8d0a231380dd24e8ee66dc03a86866931332ed4c0d3078fc9_1280.jpg HTTP/1.1" 200 166597
DEBUG:urllib3.connectionpool:Starting new HTTPS connection (1): pixabay.com:443
DEBUG:urllib3.connectionpool:https://pixabay.com:443 "GET /get/g787574a1ddc0ddfd09a24d70c2068c646b1b94c1b2ac377bbb25f907524550655b5a38936ff04fb8b33de1ed0ea1eb28ce3937b9343e677a673c87a5b8066d19_1280.jpg HTTP/1.1" 200 354914
DEBUG:urllib3.connectionpool:Starting new HTTPS connection (1): pixabay.com:443
DEBUG:urllib3.connectionpool:https://pixabay.com:443 "GET /get/ge013a92576daa515bf3a21800a4399efbffdaf69ea965f4afeab1fcb9ac13c626af469766b11bf51b41c6c445abd0a7475a7976ef6b326191dc5f01583ea8cff_1280.jpg HTTP/1.1" 200 210368
DEBUG:urllib3.connectionpool:Starting new HTTPS connection (1): pixabay.com:443
DEBUG:urllib3.connectionpool:https://pixabay.com:443 "GET /get/g62d16d51a4bf19490d77318e67582aef607978b54e9c73d793401ee2d434d5031ba17e281b15331519e0ad8f51b40fc3afbfd3818fb946506f6fdcb4494d2475_1280.jpg HTTP/1.1" 200 274354
DEBUG:urllib3.connectionpool:Starting new HTTPS connection (1): pixabay.com:443
DEBUG:urllib3.connectionpool:https://pixabay.com:443 "GET /get/gf7a1305776db6de40116910ebd7d18adaab7d72d5758d0e30e6ed75cdd747fd43e10ffae162fc301ac199bb27ab8112aeba5931b236e45b62a792887e0928ad3_1280.jpg HTTP/1.1" 200 233072
DEBUG:urllib3.connectionpool:Starting new HTTPS connection (1): pixabay.com:443
DEBUG:urllib3.connectionpool:https://pixabay.com:443 "GET /get/gf4af038d649a7be385efa4b98539aa7cff520fe8993cabfabd61c8eba7b2152aeb4ea44ce42951e0717056e504df4882517f15d3582d79f79c7bc356dc0eacdd_1280.jpg HTTP/1.1" 200 162254
DEBUG:urllib3.connectionpool:Starting new HTTPS connection (1): pixabay.com:443
DEBUG:urllib3.connectionpool:https://pixabay.com:443 "GET /get/gfc83e8835aa82688ed2787953f4410ab0315c34e94bf17233d37bf4c11582f6467cb20261e5a54d82f2cdc60adc3c27dfd428e2dcec138a116fcfd0c6a724794_1280.jpg HTTP/1.1" 200 552709
DEBUG:urllib3.connectionpool:Starting new HTTPS connection (1): pixabay.com:443
DEBUG:urllib3.connectionpool:https://pixabay.com:443 "GET /get/g8c274919f2cbec388e41f0d16f0004089f4cd28a700806f863ef9b9f74b18cc6db43c472d456dd566dda93242a975d0a41c270f49d0541654987c2474c65e548_1280.jpg HTTP/1.1" 200 277740
DEBUG:urllib3.connectionpool:Starting new HTTPS connection (1): pixabay.com:443
DEBUG:urllib3.connectionpool:https://pixabay.com:443 "GET /get/g62dd12b0d11d9883b90d174f12c4c18889db425d97edee02f3a7c4d33f22e19d80e2cad6b94fd269d47d8f7cece9bef8_1280.jpg HTTP/1.1" 200 285466
DEBUG:urllib3.connectionpool:Starting new HTTPS connection (1): pixabay.com:443
DEBUG:urllib3.connectionpool:https://pixabay.com:443 "GET /get/g156207320408da5fd33ca35558fc5ea07952872c8c466a686ed0b72073ab8be4ffaa587dc6fc006cea3ee206f3e18c0063311396cc09e85c20cb7a9236ed2c68_1280.jpg HTTP/1.1" 200 196417
DEBUG:urllib3.connectionpool:Starting new HTTPS connection (1): pixabay.com:443
DEBUG:urllib3.connectionpool:https://pixabay.com:443 "GET /get/gfdc5babc665881658af8a09b9458fe19b49adbb7b5754d4aa2c2a699c492f686e6a01c4f78a9d236ba5c166dfcbfeb9184334006caf43b4659d3b10d407f229c_1280.jpg HTTP/1.1" 200 428051
DEBUG:urllib3.connectionpool:Starting new HTTPS connection (1): pixabay.com:443
DEBUG:urllib3.connectionpool:https://pixabay.com:443 "GET /get/g5973078050f2ecf7316729b2eecb7a5d75e45021157d0d87234ba1ddb4f92f8396547b6ec63242c776d0f17d4701051123e360cf3be4cdaecf18153d46a2057a_1280.jpg HTTP/1.1" 200 257883
DEBUG:urllib3.connectionpool:Starting new HTTPS connection (1): pixabay.com:443
DEBUG:urllib3.connectionpool:https://pixabay.com:443 "GET /get/gf40e005bcd9cc89c72a02b27ea74ee8c7b17c24f317e2d26f96bd87a352648fe88df16110ccf0314458e77a60b6c051c04204a5408fc58480ddc07c777b18694_1280.jpg HTTP/1.1" 200 317141
DEBUG:urllib3.connectionpool:Starting new HTTPS connection (1): pixabay.com:443
DEBUG:urllib3.connectionpool:https://pixabay.com:443 "GET /get/gb2c058b1497281ac7f17aa4edd6fb94041ce64f976b07a86c7ac98070f587f113b39fef263b3a10edc0d060a2f2c420127ca125ac3d10de003f6ddf23515682f_1280.jpg HTTP/1.1" 200 281227
DEBUG:urllib3.connectionpool:Starting new HTTPS connection (1): pixabay.com:443
DEBUG:urllib3.connectionpool:https://pixabay.com:443 "GET /get/g69e2d8f0f7445bc035f65dce2724a228074f2dd87e107bceb77e16ae65b3089cec3ff2382fec1f2fe6b8a64c90c5f8a8903072af9753c93c3a15e0c8b939b273_1280.jpg HTTP/1.1" 200 217950
DEBUG:urllib3.connectionpool:Starting new HTTPS connection (1): pixabay.com:443
DEBUG:urllib3.connectionpool:https://pixabay.com:443 "GET /get/ga5f71c50c0901cff1ad17150cb3fe8b70b491133682c90326a6a901b93e5b6ec384c1747a6c08feed296fc4e62e0908ee0d581148e2f4b7e6091b0a6d7f7179c_1280.jpg HTTP/1.1" 200 123550
DEBUG:urllib3.connectionpool:Starting new HTTPS connection (1): pixabay.com:443
DEBUG:urllib3.connectionpool:https://pixabay.com:443 "GET /get/g7a90b99938c4b2f8fe3d76efd685f8a7a7de40117d8ecc423297ea55caee3b75ecc357b5da4914d59ad731269cd2b8edcbab895efb50be5d5a94c863160f4608_1280.jpg HTTP/1.1" 200 168981
DEBUG:urllib3.connectionpool:Starting new HTTPS connection (1): pixabay.com:443
DEBUG:urllib3.connectionpool:https://pixabay.com:443 "GET /get/gb4f536612c42982660b38da1de5ec42d50a4ce39b90d29e1be69c4925a4bc2014993fee902d04d41b0dcd0ee77d10b5ddd80091fd2632a48e88187f6ca7662c4_1280.jpg HTTP/1.1" 200 278961
DEBUG:urllib3.connectionpool:Starting new HTTPS connection (1): pixabay.com:443
DEBUG:urllib3.connectionpool:https://pixabay.com:443 "GET /get/g8331be076cb22f511826c92fb2de23a5ded9243556bd04f543791480811a5635b54295e0283254c54cf93ca3b52160ee6bcdaf64b683ce39a4caa6d98b4f0f6d_1280.jpg HTTP/1.1" 200 526121
DEBUG:urllib3.connectionpool:Starting new HTTPS connection (1): pixabay.com:443
DEBUG:urllib3.connectionpool:https://pixabay.com:443 "GET /get/g111016f2092c47945b36fdbb42946c21bdc1914bc91176ef347387a52c0e0ab14aa11de1dd23160e5844bb5df233328820b1e4d78c8c773a085557036d80c9b9_1280.jpg HTTP/1.1" 200 211957
DEBUG:urllib3.connectionpool:Starting new HTTPS connection (1): pixabay.com:443
DEBUG:urllib3.connectionpool:https://pixabay.com:443 "GET /get/gd238d95e972c203610a41400fd5039e4329c9d363d92990199a37ba62a049874a03698e59a31e5173cb99659263d26d59d5eaafd6dbc7b734b15bd2e2aab384e_1280.jpg HTTP/1.1" 200 128065
DEBUG:urllib3.connectionpool:Starting new HTTPS connection (1): pixabay.com:443
DEBUG:urllib3.connectionpool:https://pixabay.com:443 "GET /get/gde27be7dbe35aac209bf0e4e159b7aac737dfd8ce2ca00c0f3955eb2bdd6f897ac97387693f3e019f4b15be740fedd726903864bbaf40738deb0ccac4666c3f1_1280.jpg HTTP/1.1" 200 214299
DEBUG:urllib3.connectionpool:Starting new HTTPS connection (1): pixabay.com:443
DEBUG:urllib3.connectionpool:https://pixabay.com:443 "GET /get/g033d07e86e5e0bfb156d9ca825c1ff93b815acf736a6667bf7bea2f50726544735e584754161bf841fcc2c71cd480bb99a0c736b653278917665c281db6466ff_1280.jpg HTTP/1.1" 200 262003
DEBUG:urllib3.connectionpool:Starting new HTTPS connection (1): pixabay.com:443
DEBUG:urllib3.connectionpool:https://pixabay.com:443 "GET /get/ge0be6545ddadb21c3d316a40daaf1b626631327eef5ea9a6ae36bce874e3eddcbf1e73ad1e5770820a5a48fe2bf3832ab629f6a20cef3ef1e89c79429f8ca3ff_1280.jpg HTTP/1.1" 200 228544
DEBUG:urllib3.connectionpool:Starting new HTTPS connection (1): pixabay.com:443
DEBUG:urllib3.connectionpool:https://pixabay.com:443 "GET /get/gabce26c7ae6b0c3cfc690245a0d3cf189cd792a4ff5b20f5dca277242938de46ab68f7ddf8699a85760f25a17375cd62d86f7ae887b4603c808c40e7ac1ae33e_1280.jpg HTTP/1.1" 200 200603
DEBUG:urllib3.connectionpool:Starting new HTTPS connection (1): pixabay.com:443
DEBUG:urllib3.connectionpool:https://pixabay.com:443 "GET /get/g74f004970db0676f98587b1000a82838dc1fc3bf166b0257202591f5c4e8d4c1e17f729474b98dd0e239b590af16359f5d606e6f9ab7c798d3770bc69d1b3505_1280.jpg HTTP/1.1" 200 189100
DEBUG:urllib3.connectionpool:Starting new HTTPS connection (1): pixabay.com:443
DEBUG:urllib3.connectionpool:https://pixabay.com:443 "GET /get/gcfd278c6fac02866604410645544d64746c058c5cceb3b2aad3745804c73c924ee4ee48685cfc8f34dbc88fff76f1a7dca8fa1f603ecab0f72543acf7b1ff84b_1280.jpg HTTP/1.1" 200 232174
DEBUG:urllib3.connectionpool:Starting new HTTPS connection (1): pixabay.com:443
DEBUG:urllib3.connectionpool:https://pixabay.com:443 "GET /get/g587af722137c7f89b5c310812aaffd8d10582f4900372022f58288aee8d9e8a1d65c992cb917df0541b7fc7d2f803c53adccd5da482dbec2049582f42accdfde_1280.jpg HTTP/1.1" 200 194617
DEBUG:urllib3.connectionpool:Starting new HTTPS connection (1): pixabay.com:443
DEBUG:urllib3.connectionpool:https://pixabay.com:443 "GET /get/g1a29ca85db18cf5ce9b249c65c3607ab7d1a195a331ee5632f7f2547de16a887f4e49af365629c7f0687765737ffcb4dbf097e1bb4c19ec67a77c1b0d3ca8fa9_1280.jpg HTTP/1.1" 200 195061
DEBUG:urllib3.connectionpool:Starting new HTTPS connection (1): pixabay.com:443
DEBUG:urllib3.connectionpool:https://pixabay.com:443 "GET /get/g2f8ea3877d5bfe8d5ab901806e9713b0554badc333e70f2cf0a2972c37bc5c4bca04d69e8d82ecda637bda0de4d9fc22467b10a071f8d2c8cb9cb986a35e191a_1280.jpg HTTP/1.1" 200 179958
DEBUG:urllib3.connectionpool:Starting new HTTPS connection (1): pixabay.com:443
DEBUG:urllib3.connectionpool:https://pixabay.com:443 "GET /get/ge7c18c7d34271e7f71f585ec592029e0b545e87c397bd50905215e86e8e63cabc0a9358370b2a9e0f1b28602585cf5a974d05200b3e144128df64d5d1f89842b_1280.jpg HTTP/1.1" 200 162834
DEBUG:urllib3.connectionpool:Starting new HTTPS connection (1): pixabay.com:443
DEBUG:urllib3.connectionpool:https://pixabay.com:443 "GET /get/g2af09f357846782978a1cd2bbb3c48b681c06f71109fe275f8121d3449838da7eee782dde10aec5b0397809af85cf83d5d45598f33fa9ce2a90c45642882b87d_1280.jpg HTTP/1.1" 200 197596
DEBUG:urllib3.connectionpool:Starting new HTTPS connection (1): pixabay.com:443
DEBUG:urllib3.connectionpool:https://pixabay.com:443 "GET /get/gd4083584b7b80721b31f505ee066b63126fbe4857986773088ca4f32576d4d72bc863b9a42fb372969fb3ca93a0ded64a6c76d4ff8b25e55018f8205dc850e94_1280.jpg HTTP/1.1" 200 139716
DEBUG:urllib3.connectionpool:Starting new HTTPS connection (1): pixabay.com:443
DEBUG:urllib3.connectionpool:https://pixabay.com:443 "GET /get/ga0bee93ebc5a3cbd31d65428357b7da68862dd98b050d2e775dc2928f604156dcac933e19060d33f33150e61b0a79fefb83cd64b3361903dbd61e25d89111e2b_1280.jpg HTTP/1.1" 200 227884
DEBUG:urllib3.connectionpool:Starting new HTTPS connection (1): pixabay.com:443
DEBUG:urllib3.connectionpool:https://pixabay.com:443 "GET /get/g996acbdaf56d8c719d1704af6a7e2a7bc23db9daffa65e562d01ea4a9ae33fd44a93b12354ccbf7864b2944669a0c5cb13e64c7f1ba983ba23134c2ec1da250c_1280.jpg HTTP/1.1" 200 219731
DEBUG:urllib3.connectionpool:Starting new HTTPS connection (1): pixabay.com:443
DEBUG:urllib3.connectionpool:https://pixabay.com:443 "GET /get/g456255246031152c9c6e741a604af38684cc7c7c5c454fcd61d5111c31ff6ee6fd3fd534d54c8a1092efdf32488499bcc722e8f6ab7ee346d3bb733275a5b756_1280.jpg HTTP/1.1" 200 264358
DEBUG:urllib3.connectionpool:Starting new HTTPS connection (1): pixabay.com:443
DEBUG:urllib3.connectionpool:https://pixabay.com:443 "GET /get/g742d226fb39c2a441b685f760243160f353d92f2c64b37d42c4e5d70f6d1dbcb69a1d272dde130c8cd715b03677a8f2ced7f65b798e9c10eb89763d5d85a1712_1280.jpg HTTP/1.1" 200 346223
DEBUG:urllib3.connectionpool:Starting new HTTPS connection (1): pixabay.com:443
DEBUG:urllib3.connectionpool:https://pixabay.com:443 "GET /get/g8f61ac82f735b34f593fb197d83b4ecdfcdc043aac58fc4fca3b42423c594711b740e4fdd8d1b24187c84ca93c1f201e7a3bed78d4e8c8d4f933da1e49550df4_1280.jpg HTTP/1.1" 200 159567
DEBUG:urllib3.connectionpool:Starting new HTTPS connection (1): pixabay.com:443
DEBUG:urllib3.connectionpool:https://pixabay.com:443 "GET /get/gf4085067720f865e8c248d992bbd4e2ce4131c6560e85afac30945d451e09381d00b1f961860c8a6b040e8ae09f1297f1d8fa82f61177c7937cc820014a0497f_1280.jpg HTTP/1.1" 200 210021
DEBUG:urllib3.connectionpool:Starting new HTTPS connection (1): pixabay.com:443
DEBUG:urllib3.connectionpool:https://pixabay.com:443 "GET /get/gb91cae2953500bc33dd8f39918bbd2fd16383974a2d5d22d3e6431dd99163f34e4480335487e4bb661ed47df999be1a32a64c891428dd5d1ca13f8467d74e468_1280.jpg HTTP/1.1" 200 305387
DEBUG:urllib3.connectionpool:Starting new HTTPS connection (1): pixabay.com:443
DEBUG:urllib3.connectionpool:https://pixabay.com:443 "GET /get/g4705118e3691cd1ae6eb9bc3e8905c9c3a44e3c817b42e4de49fac34f1113601799d60569df81814f9072ac02c4d7e26e196dc21a2473ca28ab1d4f1547e5a09_1280.jpg HTTP/1.1" 200 275647
DEBUG:urllib3.connectionpool:Starting new HTTPS connection (1): pixabay.com:443
DEBUG:urllib3.connectionpool:https://pixabay.com:443 "GET /get/g7030432e48a0991e5b78f0c106a250707bcaeedb5fdde03545ddbacdd0a17693a0a01d9361b3386941a22edd9e7a34d829be70f1a8320d73376c435f8875e27c_1280.jpg HTTP/1.1" 200 423616
DEBUG:urllib3.connectionpool:Starting new HTTPS connection (1): pixabay.com:443
DEBUG:urllib3.connectionpool:https://pixabay.com:443 "GET /get/gb71d6311752ee38e7186e2e7c5602d57a50b6e364cb4d1b538f36dc57eba31a314c4c3b18ec60a6ca59e9b2678802da4691dec565f5c44579738b1496e76f703_1280.jpg HTTP/1.1" 200 87271
DEBUG:urllib3.connectionpool:Starting new HTTPS connection (1): pixabay.com:443
DEBUG:urllib3.connectionpool:https://pixabay.com:443 "GET /get/gcffdcd96a07ad443b4772a60184e67c452dbbacc1c1244089e2579900aa78df71a36dc65d8e105b3525d5a0c4977e9f3895ce32bfdc99229216ca53ee9ba19e2_1280.jpg HTTP/1.1" 200 210711
DEBUG:urllib3.connectionpool:Starting new HTTPS connection (1): pixabay.com:443
DEBUG:urllib3.connectionpool:https://pixabay.com:443 "GET /get/g28a23064d08389d590872b62c7221c572bb55b58c0bd86628464936014142c2882d47037157e603083bb5b85a30a26642858a71abfd3e49400445169f114c3f2_1280.jpg HTTP/1.1" 200 278457
DEBUG:urllib3.connectionpool:Starting new HTTPS connection (1): pixabay.com:443
DEBUG:urllib3.connectionpool:https://pixabay.com:443 "GET /get/g2be3c4a5a2b1a031f8271ac4ccb245d42e83d60db9a930b10736219af934e96e1d93c0a0a01cbd376898bf0f825d045e0b6dd404cbfab9897cbb3210ce26a9fb_1280.jpg HTTP/1.1" 200 241964
DEBUG:urllib3.connectionpool:Starting new HTTPS connection (1): pixabay.com:443
DEBUG:urllib3.connectionpool:https://pixabay.com:443 "GET /get/g898b81f97e74f340c6d16c10c67fd358f651911d629f7a734de7239456508330d365b5f2b8fb2a452a61f24eaaa47cf8072400fc4758ad585b657fef1f891553_1280.jpg HTTP/1.1" 200 139803
DEBUG:urllib3.connectionpool:Starting new HTTPS connection (1): pixabay.com:443
DEBUG:urllib3.connectionpool:https://pixabay.com:443 "GET /get/g6eb813e06d2cd813352d1080f52dae9dac1ef98305a6ca5a8aa123f53a5e606b778aaecf797a829b21fa4b1555ec801fef008e6b908950867f50b5bac7b48c4f_1280.jpg HTTP/1.1" 200 69230
DEBUG:urllib3.connectionpool:Starting new HTTPS connection (1): pixabay.com:443
DEBUG:urllib3.connectionpool:https://pixabay.com:443 "GET /get/g791c8e5cd7a4e48b4e8204d13cc3ca063b565b47a801e75d6c26ea28c7fd720bfe4aa10e5c5d7028ff7f4c3be1df50bce861ebe5eb279e5d586581deafc4a39d_1280.jpg HTTP/1.1" 200 178290
DEBUG:urllib3.connectionpool:Starting new HTTPS connection (1): pixabay.com:443
DEBUG:urllib3.connectionpool:https://pixabay.com:443 "GET /get/gb4080245d33dfad674a1d5349672c212881334e1c5b31575f96e28f470b753887878b40983c1204431514b06f20a50d0f83a106a86101ee286db5291b08bba16_1280.jpg HTTP/1.1" 200 266446
